<?xml version="1.0" encoding="UTF-8"?>
<!-- Generated by org.testng.reporters.JUnitXMLReporter -->
<testsuite hostname="DESKTOP-F023JSH" ignored="0" name="Default test" tests="2" failures="0" timestamp="13 Jul 2019 10:32:41 GMT" time="76.95" errors="0">
  <testcase name="runScenario" time="7.232" classname="cucumber.api.testng.AbstractTestNGCucumberTests"/>
  <testcase name="runScenario" time="4.004" classname="cucumber.api.testng.AbstractTestNGCucumberTests"/>
</testsuite> <!-- Default test -->
