<?xml version="1.0" encoding="UTF-8"?>
<testng-results skipped="0" failed="0" ignored="0" total="2" passed="2">
  <reporter-output>
  </reporter-output>
  <suite name="Suite" duration-ms="35066" started-at="2019-07-13T10:33:29Z" finished-at="2019-07-13T10:34:04Z">
    <groups>
      <group name="cucumber">
        <method signature="AbstractTestNGCucumberTests.runScenario(cucumber.api.testng.PickleEventWrapper, cucumber.api.testng.CucumberFeatureWrapper)[pri:0, instance:runner.LoginUsingCucumber@5ae63ade]" name="runScenario" class="cucumber.api.testng.AbstractTestNGCucumberTests"/>
      </group> <!-- cucumber -->
    </groups>
    <test name="Test" duration-ms="35066" started-at="2019-07-13T10:33:29Z" finished-at="2019-07-13T10:34:04Z">
      <class name="runner.LoginUsingCucumber">
        <test-method status="PASS" signature="startReport()[pri:0, instance:runner.LoginUsingCucumber@5ae63ade]" name="startReport" is-config="true" duration-ms="1318" started-at="2019-07-13T10:33:28Z" finished-at="2019-07-13T10:33:29Z">
          <reporter-output>
          </reporter-output>
        </test-method> <!-- startReport -->
        <test-method status="PASS" signature="setData()[pri:0, instance:runner.LoginUsingCucumber@5ae63ade]" name="setData" is-config="true" duration-ms="0" started-at="2019-07-13T10:33:29Z" finished-at="2019-07-13T10:33:29Z">
          <reporter-output>
          </reporter-output>
        </test-method> <!-- setData -->
        <test-method status="PASS" signature="setUpClass()[pri:0, instance:runner.LoginUsingCucumber@5ae63ade]" name="setUpClass" is-config="true" duration-ms="363" started-at="2019-07-13T10:33:29Z" finished-at="2019-07-13T10:33:30Z">
          <reporter-output>
          </reporter-output>
        </test-method> <!-- setUpClass -->
        <test-method status="PASS" signature="report()[pri:0, instance:runner.LoginUsingCucumber@5ae63ade]" name="report" is-config="true" duration-ms="28" started-at="2019-07-13T10:33:30Z" finished-at="2019-07-13T10:33:30Z">
          <reporter-output>
          </reporter-output>
        </test-method> <!-- report -->
        <test-method status="PASS" signature="beforeMethod()[pri:0, instance:runner.LoginUsingCucumber@5ae63ade]" name="beforeMethod" is-config="true" duration-ms="12385" started-at="2019-07-13T10:33:30Z" finished-at="2019-07-13T10:33:42Z">
          <reporter-output>
          </reporter-output>
        </test-method> <!-- beforeMethod -->
        <test-method status="PASS" signature="runScenario(cucumber.api.testng.PickleEventWrapper, cucumber.api.testng.CucumberFeatureWrapper)[pri:0, instance:runner.LoginUsingCucumber@5ae63ade]" name="runScenario" duration-ms="5537" started-at="2019-07-13T10:33:42Z" description="Runs Cucumber Scenarios" data-provider="scenarios" finished-at="2019-07-13T10:33:48Z">
          <params>
            <param index="0">
              <value>
                <![CDATA["TC001 Positive Login Flow"]]>
              </value>
            </param>
            <param index="1">
              <value>
                <![CDATA["Login For LeafTaps Application"]]>
              </value>
            </param>
          </params>
          <reporter-output>
          </reporter-output>
        </test-method> <!-- runScenario -->
        <test-method status="PASS" signature="afterMethod()[pri:0, instance:runner.LoginUsingCucumber@5ae63ade]" name="afterMethod" is-config="true" duration-ms="372" started-at="2019-07-13T10:33:48Z" finished-at="2019-07-13T10:33:48Z">
          <reporter-output>
          </reporter-output>
        </test-method> <!-- afterMethod -->
        <test-method status="PASS" signature="beforeMethod()[pri:0, instance:runner.LoginUsingCucumber@5ae63ade]" name="beforeMethod" is-config="true" duration-ms="11751" started-at="2019-07-13T10:33:48Z" finished-at="2019-07-13T10:34:00Z">
          <reporter-output>
          </reporter-output>
        </test-method> <!-- beforeMethod -->
        <test-method status="PASS" signature="runScenario(cucumber.api.testng.PickleEventWrapper, cucumber.api.testng.CucumberFeatureWrapper)[pri:0, instance:runner.LoginUsingCucumber@5ae63ade]" name="runScenario" duration-ms="4008" started-at="2019-07-13T10:34:00Z" description="Runs Cucumber Scenarios" data-provider="scenarios" finished-at="2019-07-13T10:34:04Z">
          <params>
            <param index="0">
              <value>
                <![CDATA["TC001 Positive Login Flow"]]>
              </value>
            </param>
            <param index="1">
              <value>
                <![CDATA["Login For LeafTaps Application"]]>
              </value>
            </param>
          </params>
          <reporter-output>
          </reporter-output>
        </test-method> <!-- runScenario -->
        <test-method status="PASS" signature="afterMethod()[pri:0, instance:runner.LoginUsingCucumber@5ae63ade]" name="afterMethod" is-config="true" duration-ms="398" started-at="2019-07-13T10:34:04Z" finished-at="2019-07-13T10:34:04Z">
          <reporter-output>
          </reporter-output>
        </test-method> <!-- afterMethod -->
        <test-method status="PASS" signature="tearDownClass()[pri:0, instance:runner.LoginUsingCucumber@5ae63ade]" name="tearDownClass" is-config="true" duration-ms="12" started-at="2019-07-13T10:34:04Z" finished-at="2019-07-13T10:34:04Z">
          <reporter-output>
          </reporter-output>
        </test-method> <!-- tearDownClass -->
        <test-method status="PASS" signature="stopReport()[pri:0, instance:runner.LoginUsingCucumber@5ae63ade]" name="stopReport" is-config="true" duration-ms="1031" started-at="2019-07-13T10:34:05Z" finished-at="2019-07-13T10:34:06Z">
          <reporter-output>
          </reporter-output>
        </test-method> <!-- stopReport -->
      </class> <!-- runner.LoginUsingCucumber -->
    </test> <!-- Test -->
  </suite> <!-- Suite -->
</testng-results>
